<?xml version="1.0" encoding="UTF-8"?>
<testng-results skipped="0" failed="0" ignored="0" total="1" passed="1">
  <reporter-output>
  </reporter-output>
  <suite name="Default suite" duration-ms="11824" started-at="2020-07-31T22:12:01 IST" finished-at="2020-07-31T22:12:13 IST">
    <groups>
    </groups>
    <test name="Default test" duration-ms="11824" started-at="2020-07-31T22:12:01 IST" finished-at="2020-07-31T22:12:13 IST">
      <class name="Base">
        <test-method status="PASS" signature="driver()[pri:0, instance:Base@35d176f7]" name="driver" duration-ms="11733" started-at="2020-07-31T22:12:01 IST" finished-at="2020-07-31T22:12:13 IST">
          <reporter-output>
          </reporter-output>
        </test-method> <!-- driver -->
      </class> <!-- Base -->
    </test> <!-- Default test -->
  </suite> <!-- Default suite -->
</testng-results>
